<?xml version="1.0" encoding="UTF-8"?>
<!-- Generated by org.testng.reporters.JUnitReportReporter -->
<testsuite hostname="DESKTOP-BLPUNEG" failures="0" tests="1" name="qa.test.LoginTest" time="13.161" errors="0" timestamp="08 Jul 2020 20:47:39 GMT" skipped="0">
  <testcase classname="qa.test.LoginTest" name="getPageTitle" time="13.161"/>
</testsuite> <!-- qa.test.LoginTest -->
