<?xml version="1.0" encoding="UTF-8"?>
<!-- Generated by org.testng.reporters.JUnitReportReporter -->
<testsuite hostname="DESKTOP-BLPUNEG" failures="0" tests="1" name="SeleniumProject.SeleniumProject.NewTest" time="0.013" errors="0" timestamp="02 Jul 2020 17:41:37 GMT" skipped="0">
  <testcase classname="SeleniumProject.SeleniumProject.NewTest" name="f" time="0.013"/>
</testsuite> <!-- SeleniumProject.SeleniumProject.NewTest -->
